<?xml version="1.0" encoding="UTF-8"?>
<!-- Generated by org.testng.reporters.JUnitReportReporter -->
<testsuite hostname="LAPTOP-NUNQT7QF" failures="0" tests="1" name="com.actiTime.testscript.CreateCustomer" time="33.583" errors="0" timestamp="2022-06-27T23:01:26 IST" skipped="0">
  <testcase classname="com.actiTime.testscript.CreateCustomer" name="testCreateCustomer" time="33.583"/>
  <system-out/>
</testsuite> <!-- com.actiTime.testscript.CreateCustomer -->
